  stdafx.cpp
  c:\program files (x86)\microsoft directx sdk (june 2010)\include\dinput.h: DIRECTINPUT_VERSION undefined. Defaulting to version 0x0800
  BitmapClass.cpp
  BoxCollider.cpp
  Camera.cpp
  Collider.cpp
  Component.cpp
  CPUManager.cpp
  GameObject.cpp
  Scene.cpp
  SkyBox.cpp
c:\users\junyoung lee\desktop\github\ping-pong\engine\engine\skybox.cpp(58): warning C4018: '<': signed 또는 unsigned가 일치하지 않습니다.
c:\users\junyoung lee\desktop\github\ping-pong\engine\engine\skybox.cpp(59): warning C4244: '=': 'double'에서 'float'(으)로 변환하면서 데이터가 손실될 수 있습니다.
c:\users\junyoung lee\desktop\github\ping-pong\engine\engine\skybox.cpp(62): warning C4018: '<': signed 또는 unsigned가 일치하지 않습니다.
c:\users\junyoung lee\desktop\github\ping-pong\engine\engine\skybox.cpp(63): warning C4244: '=': 'double'에서 'float'(으)로 변환하면서 데이터가 손실될 수 있습니다.
c:\users\junyoung lee\desktop\github\ping-pong\engine\engine\skybox.cpp(98): warning C4018: '<': signed 또는 unsigned가 일치하지 않습니다.
c:\users\junyoung lee\desktop\github\ping-pong\engine\engine\skybox.cpp(110): warning C4018: '<': signed 또는 unsigned가 일치하지 않습니다.
c:\users\junyoung lee\desktop\github\ping-pong\engine\engine\skybox.cpp(111): warning C4018: '<': signed 또는 unsigned가 일치하지 않습니다.
c:\users\junyoung lee\desktop\github\ping-pong\engine\engine\skybox.cpp(134): warning C4018: '<': signed 또는 unsigned가 일치하지 않습니다.
  Direct3D.cpp
  fontclass.cpp
  fontshaderclass.cpp
  FPSManager.cpp
  MainScene.cpp
c:\users\junyoung lee\desktop\github\ping-pong\engine\engine\mainscene.cpp(257): warning C4305: '인수': 'double'에서 'FLOAT'(으)로 잘립니다.
c:\users\junyoung lee\desktop\github\ping-pong\engine\engine\mainscene.cpp(262): warning C4305: '인수': 'double'에서 'FLOAT'(으)로 잘립니다.
c:\users\junyoung lee\desktop\github\ping-pong\engine\engine\mainscene.cpp(267): warning C4305: '인수': 'double'에서 'FLOAT'(으)로 잘립니다.
c:\users\junyoung lee\desktop\github\ping-pong\engine\engine\mainscene.cpp(272): warning C4305: '인수': 'double'에서 'FLOAT'(으)로 잘립니다.
c:\users\junyoung lee\desktop\github\ping-pong\engine\engine\mainscene.cpp(284): warning C4018: '<': signed 또는 unsigned가 일치하지 않습니다.
  InputManager.cpp
  lightClass.cpp
  lightShaderClass.cpp
  main.cpp
  modelclass.cpp
  system.cpp
c:\users\junyoung lee\desktop\github\ping-pong\engine\engine\system.cpp(86): warning C4065: switch문에 'default'가 있으나 'case' 레이블이 없습니다.
  코드를 생성하고 있습니다...
  컴파일하고 있습니다...
  textclass.cpp
c:\users\junyoung lee\desktop\github\ping-pong\engine\engine\textclass.cpp(77): warning C4018: '<': signed 또는 unsigned가 일치하지 않습니다.
  textureclass.cpp
  textureshaderclass.cpp
  Timer.cpp
  Transform.cpp
  코드를 생성하고 있습니다...
  Engine.vcxproj -> C:\Users\JunYoung Lee\Desktop\Github\Ping-pong\Engine\Debug\Engine.exe
